<?xml version="1.0" encoding="UTF-8"?>
<!-- Generated by org.testng.reporters.JUnitReportReporter -->
<testsuite hostname="LAPTOP-C2G5F0C2" name="Amazon.OrderLoginTestWithWorngEmail" tests="2" failures="0" timestamp="25 Sep 2019 05:36:26 GMT" time="24.393" errors="0">
  <testcase name="basePageNavigation" time="15.326" classname="Amazon.OrderLoginTestWithWorngEmail"/>
  <testcase name="basePageNavigation" time="9.067" classname="Amazon.OrderLoginTestWithWorngEmail"/>
</testsuite> <!-- Amazon.OrderLoginTestWithWorngEmail -->
