<?xml version="1.0" encoding="UTF-8"?>
<!-- Generated by org.testng.reporters.JUnitReportReporter -->
<testsuite hostname="LAPTOP-C2G5F0C2" name="Amazon.OrderLoginTestWithWorngEmail" tests="2" failures="0" timestamp="25 Sep 2019 06:16:50 GMT" time="11.496" errors="0">
  <testcase name="basePageNavigation" time="5.007" classname="Amazon.OrderLoginTestWithWorngEmail"/>
  <testcase name="basePageNavigation" time="6.489" classname="Amazon.OrderLoginTestWithWorngEmail"/>
</testsuite> <!-- Amazon.OrderLoginTestWithWorngEmail -->
