<?xml version="1.0" encoding="UTF-8"?>
<!-- Generated by org.testng.reporters.JUnitReportReporter -->
<testsuite hostname="LAPTOP-C2G5F0C2" name="Amazon.NevigationTest" tests="1" failures="0" timestamp="25 Sep 2019 06:16:50 GMT" time="0.067" errors="0">
  <testcase name="basePageNavigation" time="0.067" classname="Amazon.NevigationTest"/>
</testsuite> <!-- Amazon.NevigationTest -->
